03:58:35.764 [HikariPool-1 housekeeper] WARN  com.zaxxer.hikari.pool.HikariPool - HikariPool-1 - Thread starvation or clock leap detected (housekeeper delta=8h49m23s427ms888µs200ns).
03:59:34.473 [AsyncResolver-bootstrap-executor-0] INFO  c.n.d.s.r.aws.ConfigClusterResolver - Resolving eureka endpoints via configuration
04:58:53.307 [HikariPool-1 housekeeper] WARN  com.zaxxer.hikari.pool.HikariPool - HikariPool-1 - Thread starvation or clock leap detected (housekeeper delta=58m22s919ms570µs899ns).
05:02:21.978 [AsyncResolver-bootstrap-executor-0] INFO  c.n.d.s.r.aws.ConfigClusterResolver - Resolving eureka endpoints via configuration
05:07:21.994 [AsyncResolver-bootstrap-executor-0] INFO  c.n.d.s.r.aws.ConfigClusterResolver - Resolving eureka endpoints via configuration
05:12:22.006 [AsyncResolver-bootstrap-executor-0] INFO  c.n.d.s.r.aws.ConfigClusterResolver - Resolving eureka endpoints via configuration
05:17:22.008 [AsyncResolver-bootstrap-executor-0] INFO  c.n.d.s.r.aws.ConfigClusterResolver - Resolving eureka endpoints via configuration
05:22:22.012 [AsyncResolver-bootstrap-executor-0] INFO  c.n.d.s.r.aws.ConfigClusterResolver - Resolving eureka endpoints via configuration
05:27:22.028 [AsyncResolver-bootstrap-executor-0] INFO  c.n.d.s.r.aws.ConfigClusterResolver - Resolving eureka endpoints via configuration
05:32:22.037 [AsyncResolver-bootstrap-executor-0] INFO  c.n.d.s.r.aws.ConfigClusterResolver - Resolving eureka endpoints via configuration
05:37:22.038 [AsyncResolver-bootstrap-executor-0] INFO  c.n.d.s.r.aws.ConfigClusterResolver - Resolving eureka endpoints via configuration
05:42:22.048 [AsyncResolver-bootstrap-executor-0] INFO  c.n.d.s.r.aws.ConfigClusterResolver - Resolving eureka endpoints via configuration
05:47:22.064 [AsyncResolver-bootstrap-executor-0] INFO  c.n.d.s.r.aws.ConfigClusterResolver - Resolving eureka endpoints via configuration
05:52:22.079 [AsyncResolver-bootstrap-executor-0] INFO  c.n.d.s.r.aws.ConfigClusterResolver - Resolving eureka endpoints via configuration
05:57:22.091 [AsyncResolver-bootstrap-executor-0] INFO  c.n.d.s.r.aws.ConfigClusterResolver - Resolving eureka endpoints via configuration
06:02:22.098 [AsyncResolver-bootstrap-executor-0] INFO  c.n.d.s.r.aws.ConfigClusterResolver - Resolving eureka endpoints via configuration
06:07:22.115 [AsyncResolver-bootstrap-executor-0] INFO  c.n.d.s.r.aws.ConfigClusterResolver - Resolving eureka endpoints via configuration
06:12:22.131 [AsyncResolver-bootstrap-executor-0] INFO  c.n.d.s.r.aws.ConfigClusterResolver - Resolving eureka endpoints via configuration
06:17:22.132 [AsyncResolver-bootstrap-executor-0] INFO  c.n.d.s.r.aws.ConfigClusterResolver - Resolving eureka endpoints via configuration
06:22:22.143 [AsyncResolver-bootstrap-executor-0] INFO  c.n.d.s.r.aws.ConfigClusterResolver - Resolving eureka endpoints via configuration
06:27:22.148 [AsyncResolver-bootstrap-executor-0] INFO  c.n.d.s.r.aws.ConfigClusterResolver - Resolving eureka endpoints via configuration
06:32:22.152 [AsyncResolver-bootstrap-executor-0] INFO  c.n.d.s.r.aws.ConfigClusterResolver - Resolving eureka endpoints via configuration
06:37:22.164 [AsyncResolver-bootstrap-executor-0] INFO  c.n.d.s.r.aws.ConfigClusterResolver - Resolving eureka endpoints via configuration
06:42:22.173 [AsyncResolver-bootstrap-executor-0] INFO  c.n.d.s.r.aws.ConfigClusterResolver - Resolving eureka endpoints via configuration
06:47:22.186 [AsyncResolver-bootstrap-executor-0] INFO  c.n.d.s.r.aws.ConfigClusterResolver - Resolving eureka endpoints via configuration
06:52:22.188 [AsyncResolver-bootstrap-executor-0] INFO  c.n.d.s.r.aws.ConfigClusterResolver - Resolving eureka endpoints via configuration
06:57:22.198 [AsyncResolver-bootstrap-executor-0] INFO  c.n.d.s.r.aws.ConfigClusterResolver - Resolving eureka endpoints via configuration
07:02:22.203 [AsyncResolver-bootstrap-executor-0] INFO  c.n.d.s.r.aws.ConfigClusterResolver - Resolving eureka endpoints via configuration
07:07:22.217 [AsyncResolver-bootstrap-executor-0] INFO  c.n.d.s.r.aws.ConfigClusterResolver - Resolving eureka endpoints via configuration
07:12:22.224 [AsyncResolver-bootstrap-executor-0] INFO  c.n.d.s.r.aws.ConfigClusterResolver - Resolving eureka endpoints via configuration
07:17:22.233 [AsyncResolver-bootstrap-executor-0] INFO  c.n.d.s.r.aws.ConfigClusterResolver - Resolving eureka endpoints via configuration
07:22:22.244 [AsyncResolver-bootstrap-executor-0] INFO  c.n.d.s.r.aws.ConfigClusterResolver - Resolving eureka endpoints via configuration
07:27:22.250 [AsyncResolver-bootstrap-executor-0] INFO  c.n.d.s.r.aws.ConfigClusterResolver - Resolving eureka endpoints via configuration
07:32:22.252 [AsyncResolver-bootstrap-executor-0] INFO  c.n.d.s.r.aws.ConfigClusterResolver - Resolving eureka endpoints via configuration
07:37:22.261 [AsyncResolver-bootstrap-executor-0] INFO  c.n.d.s.r.aws.ConfigClusterResolver - Resolving eureka endpoints via configuration
07:42:22.271 [AsyncResolver-bootstrap-executor-0] INFO  c.n.d.s.r.aws.ConfigClusterResolver - Resolving eureka endpoints via configuration
07:47:22.276 [AsyncResolver-bootstrap-executor-0] INFO  c.n.d.s.r.aws.ConfigClusterResolver - Resolving eureka endpoints via configuration
07:52:22.287 [AsyncResolver-bootstrap-executor-0] INFO  c.n.d.s.r.aws.ConfigClusterResolver - Resolving eureka endpoints via configuration
07:57:22.292 [AsyncResolver-bootstrap-executor-0] INFO  c.n.d.s.r.aws.ConfigClusterResolver - Resolving eureka endpoints via configuration
08:02:22.301 [AsyncResolver-bootstrap-executor-0] INFO  c.n.d.s.r.aws.ConfigClusterResolver - Resolving eureka endpoints via configuration
08:07:22.305 [AsyncResolver-bootstrap-executor-0] INFO  c.n.d.s.r.aws.ConfigClusterResolver - Resolving eureka endpoints via configuration
08:12:22.317 [AsyncResolver-bootstrap-executor-0] INFO  c.n.d.s.r.aws.ConfigClusterResolver - Resolving eureka endpoints via configuration
08:17:22.328 [AsyncResolver-bootstrap-executor-0] INFO  c.n.d.s.r.aws.ConfigClusterResolver - Resolving eureka endpoints via configuration
08:22:22.340 [AsyncResolver-bootstrap-executor-0] INFO  c.n.d.s.r.aws.ConfigClusterResolver - Resolving eureka endpoints via configuration
08:27:22.346 [AsyncResolver-bootstrap-executor-0] INFO  c.n.d.s.r.aws.ConfigClusterResolver - Resolving eureka endpoints via configuration
08:32:22.350 [AsyncResolver-bootstrap-executor-0] INFO  c.n.d.s.r.aws.ConfigClusterResolver - Resolving eureka endpoints via configuration
08:37:22.362 [AsyncResolver-bootstrap-executor-0] INFO  c.n.d.s.r.aws.ConfigClusterResolver - Resolving eureka endpoints via configuration
08:42:22.368 [AsyncResolver-bootstrap-executor-0] INFO  c.n.d.s.r.aws.ConfigClusterResolver - Resolving eureka endpoints via configuration
08:47:22.380 [AsyncResolver-bootstrap-executor-0] INFO  c.n.d.s.r.aws.ConfigClusterResolver - Resolving eureka endpoints via configuration
08:52:22.388 [AsyncResolver-bootstrap-executor-0] INFO  c.n.d.s.r.aws.ConfigClusterResolver - Resolving eureka endpoints via configuration
08:57:22.402 [AsyncResolver-bootstrap-executor-0] INFO  c.n.d.s.r.aws.ConfigClusterResolver - Resolving eureka endpoints via configuration
09:02:22.410 [AsyncResolver-bootstrap-executor-0] INFO  c.n.d.s.r.aws.ConfigClusterResolver - Resolving eureka endpoints via configuration
09:07:22.425 [AsyncResolver-bootstrap-executor-0] INFO  c.n.d.s.r.aws.ConfigClusterResolver - Resolving eureka endpoints via configuration
09:12:22.438 [AsyncResolver-bootstrap-executor-0] INFO  c.n.d.s.r.aws.ConfigClusterResolver - Resolving eureka endpoints via configuration
09:17:22.450 [AsyncResolver-bootstrap-executor-0] INFO  c.n.d.s.r.aws.ConfigClusterResolver - Resolving eureka endpoints via configuration
09:22:22.465 [AsyncResolver-bootstrap-executor-0] INFO  c.n.d.s.r.aws.ConfigClusterResolver - Resolving eureka endpoints via configuration
09:42:02.283 [HikariPool-1 housekeeper] WARN  com.zaxxer.hikari.pool.HikariPool - HikariPool-1 - Thread starvation or clock leap detected (housekeeper delta=17m34s707ms372µs200ns).
09:44:27.164 [AsyncResolver-bootstrap-executor-0] INFO  c.n.d.s.r.aws.ConfigClusterResolver - Resolving eureka endpoints via configuration
09:49:27.170 [AsyncResolver-bootstrap-executor-0] INFO  c.n.d.s.r.aws.ConfigClusterResolver - Resolving eureka endpoints via configuration
09:54:27.177 [AsyncResolver-bootstrap-executor-0] INFO  c.n.d.s.r.aws.ConfigClusterResolver - Resolving eureka endpoints via configuration
09:59:27.184 [AsyncResolver-bootstrap-executor-0] INFO  c.n.d.s.r.aws.ConfigClusterResolver - Resolving eureka endpoints via configuration
10:04:27.191 [AsyncResolver-bootstrap-executor-0] INFO  c.n.d.s.r.aws.ConfigClusterResolver - Resolving eureka endpoints via configuration
10:09:27.201 [AsyncResolver-bootstrap-executor-0] INFO  c.n.d.s.r.aws.ConfigClusterResolver - Resolving eureka endpoints via configuration
10:14:27.213 [AsyncResolver-bootstrap-executor-0] INFO  c.n.d.s.r.aws.ConfigClusterResolver - Resolving eureka endpoints via configuration
10:19:27.227 [AsyncResolver-bootstrap-executor-0] INFO  c.n.d.s.r.aws.ConfigClusterResolver - Resolving eureka endpoints via configuration
10:24:27.233 [AsyncResolver-bootstrap-executor-0] INFO  c.n.d.s.r.aws.ConfigClusterResolver - Resolving eureka endpoints via configuration
10:29:27.246 [AsyncResolver-bootstrap-executor-0] INFO  c.n.d.s.r.aws.ConfigClusterResolver - Resolving eureka endpoints via configuration
10:34:27.259 [AsyncResolver-bootstrap-executor-0] INFO  c.n.d.s.r.aws.ConfigClusterResolver - Resolving eureka endpoints via configuration
10:39:27.263 [AsyncResolver-bootstrap-executor-0] INFO  c.n.d.s.r.aws.ConfigClusterResolver - Resolving eureka endpoints via configuration
10:44:27.270 [AsyncResolver-bootstrap-executor-0] INFO  c.n.d.s.r.aws.ConfigClusterResolver - Resolving eureka endpoints via configuration
10:49:27.276 [AsyncResolver-bootstrap-executor-0] INFO  c.n.d.s.r.aws.ConfigClusterResolver - Resolving eureka endpoints via configuration
10:54:27.281 [AsyncResolver-bootstrap-executor-0] INFO  c.n.d.s.r.aws.ConfigClusterResolver - Resolving eureka endpoints via configuration
10:59:27.286 [AsyncResolver-bootstrap-executor-0] INFO  c.n.d.s.r.aws.ConfigClusterResolver - Resolving eureka endpoints via configuration
11:04:27.287 [AsyncResolver-bootstrap-executor-0] INFO  c.n.d.s.r.aws.ConfigClusterResolver - Resolving eureka endpoints via configuration
11:09:27.288 [AsyncResolver-bootstrap-executor-0] INFO  c.n.d.s.r.aws.ConfigClusterResolver - Resolving eureka endpoints via configuration
11:14:27.295 [AsyncResolver-bootstrap-executor-0] INFO  c.n.d.s.r.aws.ConfigClusterResolver - Resolving eureka endpoints via configuration
11:19:27.311 [AsyncResolver-bootstrap-executor-0] INFO  c.n.d.s.r.aws.ConfigClusterResolver - Resolving eureka endpoints via configuration
11:24:27.326 [AsyncResolver-bootstrap-executor-0] INFO  c.n.d.s.r.aws.ConfigClusterResolver - Resolving eureka endpoints via configuration
11:29:27.335 [AsyncResolver-bootstrap-executor-0] INFO  c.n.d.s.r.aws.ConfigClusterResolver - Resolving eureka endpoints via configuration
11:34:27.336 [AsyncResolver-bootstrap-executor-0] INFO  c.n.d.s.r.aws.ConfigClusterResolver - Resolving eureka endpoints via configuration
11:39:27.337 [AsyncResolver-bootstrap-executor-0] INFO  c.n.d.s.r.aws.ConfigClusterResolver - Resolving eureka endpoints via configuration
11:44:27.354 [AsyncResolver-bootstrap-executor-0] INFO  c.n.d.s.r.aws.ConfigClusterResolver - Resolving eureka endpoints via configuration
11:49:27.364 [AsyncResolver-bootstrap-executor-0] INFO  c.n.d.s.r.aws.ConfigClusterResolver - Resolving eureka endpoints via configuration
11:54:27.372 [AsyncResolver-bootstrap-executor-0] INFO  c.n.d.s.r.aws.ConfigClusterResolver - Resolving eureka endpoints via configuration
11:59:27.375 [AsyncResolver-bootstrap-executor-0] INFO  c.n.d.s.r.aws.ConfigClusterResolver - Resolving eureka endpoints via configuration
12:04:27.382 [AsyncResolver-bootstrap-executor-0] INFO  c.n.d.s.r.aws.ConfigClusterResolver - Resolving eureka endpoints via configuration
12:09:27.385 [AsyncResolver-bootstrap-executor-0] INFO  c.n.d.s.r.aws.ConfigClusterResolver - Resolving eureka endpoints via configuration
12:14:27.388 [AsyncResolver-bootstrap-executor-0] INFO  c.n.d.s.r.aws.ConfigClusterResolver - Resolving eureka endpoints via configuration
12:19:27.394 [AsyncResolver-bootstrap-executor-0] INFO  c.n.d.s.r.aws.ConfigClusterResolver - Resolving eureka endpoints via configuration
12:24:27.402 [AsyncResolver-bootstrap-executor-0] INFO  c.n.d.s.r.aws.ConfigClusterResolver - Resolving eureka endpoints via configuration
12:29:27.404 [AsyncResolver-bootstrap-executor-0] INFO  c.n.d.s.r.aws.ConfigClusterResolver - Resolving eureka endpoints via configuration
12:34:27.418 [AsyncResolver-bootstrap-executor-0] INFO  c.n.d.s.r.aws.ConfigClusterResolver - Resolving eureka endpoints via configuration
12:39:27.434 [AsyncResolver-bootstrap-executor-0] INFO  c.n.d.s.r.aws.ConfigClusterResolver - Resolving eureka endpoints via configuration
12:44:27.438 [AsyncResolver-bootstrap-executor-0] INFO  c.n.d.s.r.aws.ConfigClusterResolver - Resolving eureka endpoints via configuration
12:49:27.441 [AsyncResolver-bootstrap-executor-0] INFO  c.n.d.s.r.aws.ConfigClusterResolver - Resolving eureka endpoints via configuration
12:54:27.443 [AsyncResolver-bootstrap-executor-0] INFO  c.n.d.s.r.aws.ConfigClusterResolver - Resolving eureka endpoints via configuration
12:55:57.112 [RMI TCP Connection(717)-127.0.0.1] INFO  o.s.b.a.SpringApplicationAdminMXBeanRegistrar$SpringApplicationAdmin - Application shutdown requested.
12:55:57.115 [RMI TCP Connection(717)-127.0.0.1] INFO  o.s.c.n.e.s.EurekaServiceRegistry - Unregistering application UMS-DOCUMENT-SERVICE with eureka with status DOWN
12:55:57.115 [RMI TCP Connection(717)-127.0.0.1] INFO  c.netflix.discovery.DiscoveryClient - Saw local status change event StatusChangeEvent [timestamp=1745997957115, current=DOWN, previous=UP]
12:55:57.116 [DiscoveryClient-InstanceInfoReplicator-0] INFO  c.netflix.discovery.DiscoveryClient - DiscoveryClient_UMS-DOCUMENT-SERVICE/IKCON1053:UMS-DOCUMENT-SERVICE:9006: registering service...
12:55:57.129 [RMI TCP Connection(717)-127.0.0.1] INFO  o.a.coyote.http11.Http11NioProtocol - Pausing ProtocolHandler ["http-nio-9006"]
12:55:57.129 [RMI TCP Connection(717)-127.0.0.1] INFO  o.a.catalina.core.StandardService - Stopping service [Tomcat]
12:55:57.134 [RMI TCP Connection(717)-127.0.0.1] INFO  o.a.c.c.C.[Tomcat].[localhost].[/] - Destroying Spring FrameworkServlet 'dispatcherServlet'
12:55:57.137 [DiscoveryClient-InstanceInfoReplicator-0] INFO  c.netflix.discovery.DiscoveryClient - DiscoveryClient_UMS-DOCUMENT-SERVICE/IKCON1053:UMS-DOCUMENT-SERVICE:9006 - registration status: 204
12:55:57.139 [RMI TCP Connection(717)-127.0.0.1] INFO  o.a.coyote.http11.Http11NioProtocol - Stopping ProtocolHandler ["http-nio-9006"]
12:55:57.141 [RMI TCP Connection(717)-127.0.0.1] INFO  o.a.coyote.http11.Http11NioProtocol - Destroying ProtocolHandler ["http-nio-9006"]
12:55:57.149 [RMI TCP Connection(717)-127.0.0.1] INFO  o.s.o.j.LocalContainerEntityManagerFactoryBean - Closing JPA EntityManagerFactory for persistence unit 'default'
12:55:57.154 [RMI TCP Connection(717)-127.0.0.1] INFO  com.zaxxer.hikari.HikariDataSource - HikariPool-1 - Shutdown initiated...
12:55:57.157 [RMI TCP Connection(717)-127.0.0.1] INFO  com.zaxxer.hikari.HikariDataSource - HikariPool-1 - Shutdown completed.
12:55:57.159 [RMI TCP Connection(717)-127.0.0.1] INFO  c.netflix.discovery.DiscoveryClient - Shutting down DiscoveryClient ...
12:56:00.175 [RMI TCP Connection(717)-127.0.0.1] INFO  c.netflix.discovery.DiscoveryClient - Unregistering ...
12:56:00.190 [RMI TCP Connection(717)-127.0.0.1] INFO  c.netflix.discovery.DiscoveryClient - DiscoveryClient_UMS-DOCUMENT-SERVICE/IKCON1053:UMS-DOCUMENT-SERVICE:9006 - deregister  status: 200
12:56:00.193 [RMI TCP Connection(717)-127.0.0.1] INFO  c.netflix.discovery.DiscoveryClient - Completed shut down of DiscoveryClient
12:56:41.179 [restartedMain] INFO  o.s.b.d.restart.ChangeableUrls - The Class-Path manifest attribute in C:\Users\JyothsnaNakkala\.m2\repository\com\oracle\database\jdbc\ojdbc8\21.5.0.0\ojdbc8-21.5.0.0.jar referenced one or more files that do not exist: file:/C:/Users/JyothsnaNakkala/.m2/repository/com/oracle/database/jdbc/ojdbc8/21.5.0.0/oraclepki.jar
12:56:41.180 [restartedMain] INFO  o.s.b.d.e.DevToolsPropertyDefaultsPostProcessor - Devtools property defaults active! Set 'spring.devtools.add-properties' to 'false' to disable
12:56:41.446 [restartedMain] INFO  o.s.c.c.c.ConfigServicePropertySourceLocator - Fetching config from server at : http://localhost:9296
12:56:43.086 [restartedMain] INFO  o.s.c.c.c.ConfigServicePropertySourceLocator - Located environment: name=UMS-DOCUMENT-SERVICE, profiles=[default], label=null, version=53cb0bce99fff205450561aa0fd99fb5e9d41b91, state=null
12:56:43.086 [restartedMain] INFO  o.s.c.b.c.PropertySourceBootstrapConfiguration - Located property source: [BootstrapPropertySource {name='bootstrapProperties-configClient'}, BootstrapPropertySource {name='bootstrapProperties-https://github.com/IKCONDev/ums-config-server/application.yaml'}]
12:56:43.093 [restartedMain] INFO  c.i.u.UmsDocumentServiceApplication - No active profile set, falling back to 1 default profile: "default"
12:56:43.774 [restartedMain] INFO  o.s.d.r.c.RepositoryConfigurationDelegate - Bootstrapping Spring Data JPA repositories in DEFAULT mode.
12:56:43.880 [restartedMain] INFO  o.s.d.r.c.RepositoryConfigurationDelegate - Finished Spring Data repository scanning in 100 ms. Found 1 JPA repository interfaces.
12:56:44.050 [restartedMain] INFO  o.s.cloud.context.scope.GenericScope - BeanFactory id=50282dec-c390-3afd-a20e-8c68038d810b
12:56:44.682 [restartedMain] INFO  o.s.b.w.e.tomcat.TomcatWebServer - Tomcat initialized with port(s): 9006 (http)
12:56:44.688 [restartedMain] INFO  o.a.coyote.http11.Http11NioProtocol - Initializing ProtocolHandler ["http-nio-9006"]
12:56:44.689 [restartedMain] INFO  o.a.catalina.core.StandardService - Starting service [Tomcat]
12:56:44.690 [restartedMain] INFO  o.a.catalina.core.StandardEngine - Starting Servlet engine: [Apache Tomcat/9.0.78]
12:56:44.868 [restartedMain] INFO  o.a.c.c.C.[Tomcat].[localhost].[/] - Initializing Spring embedded WebApplicationContext
12:56:44.868 [restartedMain] INFO  o.s.b.w.s.c.ServletWebServerApplicationContext - Root WebApplicationContext: initialization completed in 1758 ms
12:56:44.959 [restartedMain] INFO  com.zaxxer.hikari.HikariDataSource - HikariPool-1 - Starting...
12:56:45.218 [restartedMain] INFO  com.zaxxer.hikari.HikariDataSource - HikariPool-1 - Start completed.
12:56:45.230 [restartedMain] INFO  o.s.b.a.h.H2ConsoleAutoConfiguration - H2 console available at '/h2-console'. Database available at 'jdbc:postgresql://localhost:5432/umsdocumentdb'
12:56:45.390 [restartedMain] INFO  o.h.jpa.internal.util.LogHelper - HHH000204: Processing PersistenceUnitInfo [name: default]
12:56:45.458 [restartedMain] INFO  org.hibernate.Version - HHH000412: Hibernate ORM core version 5.6.15.Final
12:56:45.627 [restartedMain] INFO  o.h.annotations.common.Version - HCANN000001: Hibernate Commons Annotations {5.1.2.Final}
12:56:45.751 [restartedMain] INFO  org.hibernate.dialect.Dialect - HHH000400: Using dialect: org.hibernate.dialect.PostgreSQLDialect
12:56:46.416 [restartedMain] INFO  o.h.e.t.j.p.i.JtaPlatformInitiator - HHH000490: Using JtaPlatform implementation: [org.hibernate.engine.transaction.jta.platform.internal.NoJtaPlatform]
12:56:46.425 [restartedMain] INFO  o.s.o.j.LocalContainerEntityManagerFactoryBean - Initialized JPA EntityManagerFactory for persistence unit 'default'
12:56:46.732 [restartedMain] WARN  o.s.b.a.o.j.JpaBaseConfiguration$JpaWebConfiguration - spring.jpa.open-in-view is enabled by default. Therefore, database queries may be performed during view rendering. Explicitly configure spring.jpa.open-in-view to disable this warning
12:56:47.200 [restartedMain] WARN  o.s.b.d.a.OptionalLiveReloadServer - Unable to start LiveReload server
12:56:47.227 [restartedMain] INFO  o.s.c.n.e.c.DiscoveryClientOptionalArgsConfiguration - Eureka HTTP Client uses RestTemplate.
12:56:47.278 [restartedMain] WARN  o.s.c.l.c.LoadBalancerCacheAutoConfiguration$LoadBalancerCaffeineWarnLogger - Spring Cloud LoadBalancer is currently working with the default cache. While this cache implementation is useful for development and tests, it's recommended to use Caffeine cache in production.You can switch to using Caffeine cache, by adding it and org.springframework.cache.caffeine.CaffeineCacheManager to the classpath.
12:56:47.286 [restartedMain] INFO  o.s.b.a.e.web.EndpointLinksResolver - Exposing 1 endpoint(s) beneath base path '/actuator'
12:56:47.355 [restartedMain] INFO  o.s.c.n.eureka.InstanceInfoFactory - Setting initial instance status as: STARTING
12:56:47.392 [restartedMain] INFO  c.netflix.discovery.DiscoveryClient - Initializing Eureka in region us-east-1
12:56:47.398 [restartedMain] INFO  c.n.d.s.r.aws.ConfigClusterResolver - Resolving eureka endpoints via configuration
12:56:47.420 [restartedMain] INFO  c.netflix.discovery.DiscoveryClient - Disable delta property : false
12:56:47.420 [restartedMain] INFO  c.netflix.discovery.DiscoveryClient - Single vip registry refresh property : null
12:56:47.420 [restartedMain] INFO  c.netflix.discovery.DiscoveryClient - Force full registry fetch : false
12:56:47.420 [restartedMain] INFO  c.netflix.discovery.DiscoveryClient - Application is null : false
12:56:47.420 [restartedMain] INFO  c.netflix.discovery.DiscoveryClient - Registered Applications size is zero : true
12:56:47.420 [restartedMain] INFO  c.netflix.discovery.DiscoveryClient - Application version is -1: true
12:56:47.420 [restartedMain] INFO  c.netflix.discovery.DiscoveryClient - Getting all instance registry info from the eureka server
12:56:47.601 [restartedMain] INFO  c.netflix.discovery.DiscoveryClient - The response status is 200
12:56:47.602 [restartedMain] INFO  c.netflix.discovery.DiscoveryClient - Starting heartbeat executor: renew interval is: 30
12:56:47.605 [restartedMain] INFO  c.n.discovery.InstanceInfoReplicator - InstanceInfoReplicator onDemand update allowed rate per min is 4
12:56:47.608 [restartedMain] INFO  c.netflix.discovery.DiscoveryClient - Discovery Client initialized at timestamp 1745998007608 with initial instances count: 9
12:56:47.610 [restartedMain] INFO  o.s.c.n.e.s.EurekaServiceRegistry - Registering application UMS-DOCUMENT-SERVICE with eureka with status UP
12:56:47.610 [restartedMain] INFO  c.netflix.discovery.DiscoveryClient - Saw local status change event StatusChangeEvent [timestamp=1745998007610, current=UP, previous=STARTING]
12:56:47.613 [DiscoveryClient-InstanceInfoReplicator-0] INFO  c.netflix.discovery.DiscoveryClient - DiscoveryClient_UMS-DOCUMENT-SERVICE/IKCON1053:UMS-DOCUMENT-SERVICE:9006: registering service...
12:56:47.613 [restartedMain] INFO  o.a.coyote.http11.Http11NioProtocol - Starting ProtocolHandler ["http-nio-9006"]
12:56:47.645 [restartedMain] INFO  o.s.b.w.e.tomcat.TomcatWebServer - Tomcat started on port(s): 9006 (http) with context path ''
12:56:47.645 [restartedMain] INFO  o.s.c.n.e.s.EurekaAutoServiceRegistration - Updating port to 9006
12:56:47.657 [DiscoveryClient-InstanceInfoReplicator-0] INFO  c.netflix.discovery.DiscoveryClient - DiscoveryClient_UMS-DOCUMENT-SERVICE/IKCON1053:UMS-DOCUMENT-SERVICE:9006 - registration status: 204
12:56:47.669 [restartedMain] INFO  c.i.u.UmsDocumentServiceApplication - Started UmsDocumentServiceApplication in 6.959 seconds (JVM running for 8.197)
12:56:47.992 [RMI TCP Connection(8)-127.0.0.1] INFO  o.a.c.c.C.[Tomcat].[localhost].[/] - Initializing Spring DispatcherServlet 'dispatcherServlet'
12:56:47.992 [RMI TCP Connection(8)-127.0.0.1] INFO  o.s.web.servlet.DispatcherServlet - Initializing Servlet 'dispatcherServlet'
12:56:47.993 [RMI TCP Connection(8)-127.0.0.1] INFO  o.s.web.servlet.DispatcherServlet - Completed initialization in 1 ms
12:58:24.786 [http-nio-9006-exec-2] INFO  c.i.u.s.InternalNotesServiceImpl - In InternalNotesServiceImpl, getAllInternalNotes(): Fetching all internal notes...
12:58:25.126 [http-nio-9006-exec-2] ERROR c.i.u.e.GlobalExceptionHandler - GlobalExceptionHandler.handleGeneralException() ENTERED: Handler dispatch failed; nested exception is java.lang.Error: Unresolved compilation problems: 
	EmployeeDto cannot be resolved to a type
	The method exchange(String, HttpMethod, HttpEntity<?>, ParameterizedTypeReference<List<EmployeeDto>>, Object...) from the type RestTemplate refers to the missing type EmployeeDto
	EmployeeDto cannot be resolved to a type
	EmployeeDto cannot be resolved to a type

12:58:25.156 [http-nio-9006-exec-2] WARN  o.s.w.s.m.m.a.ExceptionHandlerExceptionResolver - Resolved [org.springframework.web.util.NestedServletException: Handler dispatch failed; nested exception is java.lang.Error: Unresolved compilation problems: <EOL>?EmployeeDto cannot be resolved to a type<EOL>?The method exchange(String, HttpMethod, HttpEntity<?>, ParameterizedTypeReference<List<EmployeeDto>>, Object...) from the type RestTemplate refers to the missing type EmployeeDto<EOL>?EmployeeDto cannot be resolved to a type<EOL>?EmployeeDto cannot be resolved to a type<EOL>]
12:58:50.285 [http-nio-9006-exec-1] INFO  c.i.u.s.InternalNotesServiceImpl - In InternalNotesServiceImpl, getAllInternalNotes(): Fetching all internal notes...
12:58:50.292 [http-nio-9006-exec-1] ERROR c.i.u.e.GlobalExceptionHandler - GlobalExceptionHandler.handleGeneralException() ENTERED: Handler dispatch failed; nested exception is java.lang.Error: Unresolved compilation problems: 
	EmployeeDto cannot be resolved to a type
	The method exchange(String, HttpMethod, HttpEntity<?>, ParameterizedTypeReference<List<EmployeeDto>>, Object...) from the type RestTemplate refers to the missing type EmployeeDto
	EmployeeDto cannot be resolved to a type
	EmployeeDto cannot be resolved to a type

12:58:50.296 [http-nio-9006-exec-1] WARN  o.s.w.s.m.m.a.ExceptionHandlerExceptionResolver - Resolved [org.springframework.web.util.NestedServletException: Handler dispatch failed; nested exception is java.lang.Error: Unresolved compilation problems: <EOL>?EmployeeDto cannot be resolved to a type<EOL>?The method exchange(String, HttpMethod, HttpEntity<?>, ParameterizedTypeReference<List<EmployeeDto>>, Object...) from the type RestTemplate refers to the missing type EmployeeDto<EOL>?EmployeeDto cannot be resolved to a type<EOL>?EmployeeDto cannot be resolved to a type<EOL>]
12:59:50.224 [http-nio-9006-exec-3] INFO  c.i.u.s.InternalNotesServiceImpl - In InternalNotesServiceImpl, saveInternalNotes(): Initializing internal note save process...
12:59:50.360 [http-nio-9006-exec-3] INFO  c.i.u.s.InternalNotesServiceImpl - Internal note saved successfully with ID: 5
12:59:51.844 [http-nio-9006-exec-4] INFO  c.i.u.s.InternalNotesServiceImpl - In InternalNotesServiceImpl, getAllInternalNotes(): Fetching all internal notes...
12:59:51.855 [http-nio-9006-exec-4] ERROR c.i.u.e.GlobalExceptionHandler - GlobalExceptionHandler.handleGeneralException() ENTERED: Handler dispatch failed; nested exception is java.lang.Error: Unresolved compilation problems: 
	EmployeeDto cannot be resolved to a type
	The method exchange(String, HttpMethod, HttpEntity<?>, ParameterizedTypeReference<List<EmployeeDto>>, Object...) from the type RestTemplate refers to the missing type EmployeeDto
	EmployeeDto cannot be resolved to a type
	EmployeeDto cannot be resolved to a type

12:59:51.857 [http-nio-9006-exec-4] WARN  o.s.w.s.m.m.a.ExceptionHandlerExceptionResolver - Resolved [org.springframework.web.util.NestedServletException: Handler dispatch failed; nested exception is java.lang.Error: Unresolved compilation problems: <EOL>?EmployeeDto cannot be resolved to a type<EOL>?The method exchange(String, HttpMethod, HttpEntity<?>, ParameterizedTypeReference<List<EmployeeDto>>, Object...) from the type RestTemplate refers to the missing type EmployeeDto<EOL>?EmployeeDto cannot be resolved to a type<EOL>?EmployeeDto cannot be resolved to a type<EOL>]
13:00:18.957 [http-nio-9006-exec-6] INFO  c.i.u.s.InternalNotesServiceImpl - In InternalNotesServiceImpl, getAllInternalNotes(): Fetching all internal notes...
13:00:18.965 [http-nio-9006-exec-6] ERROR c.i.u.e.GlobalExceptionHandler - GlobalExceptionHandler.handleGeneralException() ENTERED: Handler dispatch failed; nested exception is java.lang.Error: Unresolved compilation problems: 
	EmployeeDto cannot be resolved to a type
	The method exchange(String, HttpMethod, HttpEntity<?>, ParameterizedTypeReference<List<EmployeeDto>>, Object...) from the type RestTemplate refers to the missing type EmployeeDto
	EmployeeDto cannot be resolved to a type
	EmployeeDto cannot be resolved to a type

13:00:18.967 [http-nio-9006-exec-6] WARN  o.s.w.s.m.m.a.ExceptionHandlerExceptionResolver - Resolved [org.springframework.web.util.NestedServletException: Handler dispatch failed; nested exception is java.lang.Error: Unresolved compilation problems: <EOL>?EmployeeDto cannot be resolved to a type<EOL>?The method exchange(String, HttpMethod, HttpEntity<?>, ParameterizedTypeReference<List<EmployeeDto>>, Object...) from the type RestTemplate refers to the missing type EmployeeDto<EOL>?EmployeeDto cannot be resolved to a type<EOL>?EmployeeDto cannot be resolved to a type<EOL>]
13:01:47.422 [AsyncResolver-bootstrap-executor-0] INFO  c.n.d.s.r.aws.ConfigClusterResolver - Resolving eureka endpoints via configuration
13:06:47.423 [AsyncResolver-bootstrap-executor-0] INFO  c.n.d.s.r.aws.ConfigClusterResolver - Resolving eureka endpoints via configuration
13:07:44.991 [File Watcher] INFO  o.s.b.d.a.LocalDevToolsAutoConfiguration$RestartingClassPathChangeChangedEventListener - Restarting due to 25 class path changes (0 additions, 25 deletions, 0 modifications)
13:07:45.012 [Thread-1] INFO  o.s.c.n.e.s.EurekaServiceRegistry - Unregistering application UMS-DOCUMENT-SERVICE with eureka with status DOWN
13:07:45.012 [Thread-1] INFO  c.netflix.discovery.DiscoveryClient - Saw local status change event StatusChangeEvent [timestamp=1745998665012, current=DOWN, previous=UP]
13:07:45.012 [DiscoveryClient-InstanceInfoReplicator-0] INFO  c.netflix.discovery.DiscoveryClient - DiscoveryClient_UMS-DOCUMENT-SERVICE/IKCON1053:UMS-DOCUMENT-SERVICE:9006: registering service...
13:07:45.028 [DiscoveryClient-InstanceInfoReplicator-0] INFO  c.netflix.discovery.DiscoveryClient - DiscoveryClient_UMS-DOCUMENT-SERVICE/IKCON1053:UMS-DOCUMENT-SERVICE:9006 - registration status: 204
13:07:45.129 [Thread-1] INFO  o.a.coyote.http11.Http11NioProtocol - Pausing ProtocolHandler ["http-nio-9006"]
13:07:45.129 [Thread-1] INFO  o.a.catalina.core.StandardService - Stopping service [Tomcat]
13:07:45.130 [Thread-1] INFO  o.a.c.c.C.[Tomcat].[localhost].[/] - Destroying Spring FrameworkServlet 'dispatcherServlet'
13:07:45.133 [Thread-1] INFO  o.a.coyote.http11.Http11NioProtocol - Stopping ProtocolHandler ["http-nio-9006"]
13:07:45.134 [Thread-1] INFO  o.a.coyote.http11.Http11NioProtocol - Destroying ProtocolHandler ["http-nio-9006"]
13:07:45.139 [Thread-1] INFO  o.s.o.j.LocalContainerEntityManagerFactoryBean - Closing JPA EntityManagerFactory for persistence unit 'default'
13:07:45.149 [Thread-1] INFO  com.zaxxer.hikari.HikariDataSource - HikariPool-1 - Shutdown initiated...
13:07:45.160 [Thread-1] INFO  com.zaxxer.hikari.HikariDataSource - HikariPool-1 - Shutdown completed.
13:07:45.161 [Thread-1] INFO  c.netflix.discovery.DiscoveryClient - Shutting down DiscoveryClient ...
13:07:48.174 [DiscoveryClient-1] WARN  c.n.discovery.TimedSupervisorTask - task supervisor shutting down, can't accept the task
13:07:48.178 [Thread-1] INFO  c.netflix.discovery.DiscoveryClient - Unregistering ...
13:07:48.181 [Thread-1] INFO  c.netflix.discovery.DiscoveryClient - DiscoveryClient_UMS-DOCUMENT-SERVICE/IKCON1053:UMS-DOCUMENT-SERVICE:9006 - deregister  status: 200
13:07:48.185 [Thread-1] INFO  c.netflix.discovery.DiscoveryClient - Completed shut down of DiscoveryClient
13:07:48.362 [restartedMain] INFO  o.s.c.c.c.ConfigServicePropertySourceLocator - Fetching config from server at : http://localhost:9296
13:07:49.518 [restartedMain] INFO  o.s.c.c.c.ConfigServicePropertySourceLocator - Located environment: name=UMS-DOCUMENT-SERVICE, profiles=[default], label=null, version=53cb0bce99fff205450561aa0fd99fb5e9d41b91, state=null
13:07:49.518 [restartedMain] INFO  o.s.c.b.c.PropertySourceBootstrapConfiguration - Located property source: [BootstrapPropertySource {name='bootstrapProperties-configClient'}, BootstrapPropertySource {name='bootstrapProperties-https://github.com/IKCONDev/ums-config-server/application.yaml'}]
13:07:49.520 [restartedMain] INFO  c.i.u.UmsDocumentServiceApplication - No active profile set, falling back to 1 default profile: "default"
13:07:49.763 [restartedMain] INFO  o.s.d.r.c.RepositoryConfigurationDelegate - Bootstrapping Spring Data JPA repositories in DEFAULT mode.
13:07:49.777 [restartedMain] INFO  o.s.d.r.c.RepositoryConfigurationDelegate - Finished Spring Data repository scanning in 14 ms. Found 1 JPA repository interfaces.
13:07:49.830 [restartedMain] INFO  o.s.cloud.context.scope.GenericScope - BeanFactory id=50282dec-c390-3afd-a20e-8c68038d810b
13:07:49.893 [restartedMain] INFO  o.s.b.w.e.tomcat.TomcatWebServer - Tomcat initialized with port(s): 9006 (http)
13:07:49.893 [restartedMain] INFO  o.a.coyote.http11.Http11NioProtocol - Initializing ProtocolHandler ["http-nio-9006"]
13:07:49.894 [restartedMain] INFO  o.a.catalina.core.StandardService - Starting service [Tomcat]
13:07:49.894 [restartedMain] INFO  o.a.catalina.core.StandardEngine - Starting Servlet engine: [Apache Tomcat/9.0.78]
13:07:49.915 [restartedMain] INFO  o.a.c.c.C.[Tomcat].[localhost].[/] - Initializing Spring embedded WebApplicationContext
13:07:49.916 [restartedMain] INFO  o.s.b.w.s.c.ServletWebServerApplicationContext - Root WebApplicationContext: initialization completed in 393 ms
13:07:49.937 [restartedMain] INFO  com.zaxxer.hikari.HikariDataSource - HikariPool-2 - Starting...
13:07:50.045 [restartedMain] INFO  com.zaxxer.hikari.HikariDataSource - HikariPool-2 - Start completed.
13:07:50.046 [restartedMain] INFO  o.s.b.a.h.H2ConsoleAutoConfiguration - H2 console available at '/h2-console'. Database available at 'jdbc:postgresql://localhost:5432/umsdocumentdb'
13:07:50.075 [restartedMain] INFO  o.h.jpa.internal.util.LogHelper - HHH000204: Processing PersistenceUnitInfo [name: default]
13:07:50.079 [restartedMain] INFO  org.hibernate.dialect.Dialect - HHH000400: Using dialect: org.hibernate.dialect.PostgreSQLDialect
13:07:50.127 [restartedMain] INFO  o.h.e.t.j.p.i.JtaPlatformInitiator - HHH000490: Using JtaPlatform implementation: [org.hibernate.engine.transaction.jta.platform.internal.NoJtaPlatform]
13:07:50.128 [restartedMain] INFO  o.s.o.j.LocalContainerEntityManagerFactoryBean - Initialized JPA EntityManagerFactory for persistence unit 'default'
13:07:50.206 [restartedMain] WARN  o.s.b.a.o.j.JpaBaseConfiguration$JpaWebConfiguration - spring.jpa.open-in-view is enabled by default. Therefore, database queries may be performed during view rendering. Explicitly configure spring.jpa.open-in-view to disable this warning
13:07:50.404 [restartedMain] WARN  o.s.b.d.a.OptionalLiveReloadServer - Unable to start LiveReload server
13:07:50.420 [restartedMain] INFO  o.s.c.n.e.c.DiscoveryClientOptionalArgsConfiguration - Eureka HTTP Client uses RestTemplate.
13:07:50.438 [restartedMain] WARN  o.s.c.l.c.LoadBalancerCacheAutoConfiguration$LoadBalancerCaffeineWarnLogger - Spring Cloud LoadBalancer is currently working with the default cache. While this cache implementation is useful for development and tests, it's recommended to use Caffeine cache in production.You can switch to using Caffeine cache, by adding it and org.springframework.cache.caffeine.CaffeineCacheManager to the classpath.
13:07:50.442 [restartedMain] INFO  o.s.b.a.e.web.EndpointLinksResolver - Exposing 1 endpoint(s) beneath base path '/actuator'
13:07:50.469 [restartedMain] INFO  o.s.c.n.eureka.InstanceInfoFactory - Setting initial instance status as: STARTING
13:07:50.471 [restartedMain] INFO  c.netflix.discovery.DiscoveryClient - Initializing Eureka in region us-east-1
13:07:50.472 [restartedMain] INFO  c.n.d.s.r.aws.ConfigClusterResolver - Resolving eureka endpoints via configuration
13:07:50.480 [restartedMain] INFO  c.netflix.discovery.DiscoveryClient - Disable delta property : false
13:07:50.480 [restartedMain] INFO  c.netflix.discovery.DiscoveryClient - Single vip registry refresh property : null
13:07:50.481 [restartedMain] INFO  c.netflix.discovery.DiscoveryClient - Force full registry fetch : false
13:07:50.481 [restartedMain] INFO  c.netflix.discovery.DiscoveryClient - Application is null : false
13:07:50.481 [restartedMain] INFO  c.netflix.discovery.DiscoveryClient - Registered Applications size is zero : true
13:07:50.481 [restartedMain] INFO  c.netflix.discovery.DiscoveryClient - Application version is -1: true
13:07:50.481 [restartedMain] INFO  c.netflix.discovery.DiscoveryClient - Getting all instance registry info from the eureka server
13:07:50.500 [restartedMain] INFO  c.netflix.discovery.DiscoveryClient - The response status is 200
13:07:50.501 [restartedMain] INFO  c.netflix.discovery.DiscoveryClient - Starting heartbeat executor: renew interval is: 30
13:07:50.502 [restartedMain] INFO  c.n.discovery.InstanceInfoReplicator - InstanceInfoReplicator onDemand update allowed rate per min is 4
13:07:50.503 [restartedMain] INFO  c.netflix.discovery.DiscoveryClient - Discovery Client initialized at timestamp 1745998670503 with initial instances count: 10
13:07:50.504 [restartedMain] INFO  o.s.c.n.e.s.EurekaServiceRegistry - Registering application UMS-DOCUMENT-SERVICE with eureka with status UP
13:07:50.504 [restartedMain] INFO  c.netflix.discovery.DiscoveryClient - Saw local status change event StatusChangeEvent [timestamp=1745998670504, current=UP, previous=STARTING]
13:07:50.504 [DiscoveryClient-InstanceInfoReplicator-0] INFO  c.netflix.discovery.DiscoveryClient - DiscoveryClient_UMS-DOCUMENT-SERVICE/IKCON1053:UMS-DOCUMENT-SERVICE:9006: registering service...
13:07:50.505 [restartedMain] INFO  o.a.coyote.http11.Http11NioProtocol - Starting ProtocolHandler ["http-nio-9006"]
13:07:50.510 [restartedMain] INFO  o.s.b.w.e.tomcat.TomcatWebServer - Tomcat started on port(s): 9006 (http) with context path ''
13:07:50.511 [restartedMain] INFO  o.s.c.n.e.s.EurekaAutoServiceRegistration - Updating port to 9006
13:07:50.517 [DiscoveryClient-InstanceInfoReplicator-0] INFO  c.netflix.discovery.DiscoveryClient - DiscoveryClient_UMS-DOCUMENT-SERVICE/IKCON1053:UMS-DOCUMENT-SERVICE:9006 - registration status: 204
13:07:50.530 [restartedMain] INFO  c.i.u.UmsDocumentServiceApplication - Started UmsDocumentServiceApplication in 2.283 seconds (JVM running for 671.058)
13:07:50.532 [restartedMain] INFO  o.s.b.d.a.ConditionEvaluationDeltaLoggingListener - Condition evaluation unchanged
13:07:51.835 [File Watcher] INFO  o.s.b.d.a.LocalDevToolsAutoConfiguration$RestartingClassPathChangeChangedEventListener - Restarting due to 25 class path changes (25 additions, 0 deletions, 0 modifications)
13:07:51.836 [Thread-8] INFO  o.s.c.n.e.s.EurekaServiceRegistry - Unregistering application UMS-DOCUMENT-SERVICE with eureka with status DOWN
13:07:51.836 [Thread-8] INFO  c.netflix.discovery.DiscoveryClient - Saw local status change event StatusChangeEvent [timestamp=1745998671836, current=DOWN, previous=UP]
13:07:51.837 [DiscoveryClient-InstanceInfoReplicator-0] INFO  c.netflix.discovery.DiscoveryClient - DiscoveryClient_UMS-DOCUMENT-SERVICE/IKCON1053:UMS-DOCUMENT-SERVICE:9006: registering service...
13:07:51.839 [DiscoveryClient-InstanceInfoReplicator-0] INFO  c.netflix.discovery.DiscoveryClient - DiscoveryClient_UMS-DOCUMENT-SERVICE/IKCON1053:UMS-DOCUMENT-SERVICE:9006 - registration status: 204
13:07:51.843 [Thread-8] INFO  o.a.coyote.http11.Http11NioProtocol - Pausing ProtocolHandler ["http-nio-9006"]
13:07:51.843 [Thread-8] INFO  o.a.catalina.core.StandardService - Stopping service [Tomcat]
13:07:51.845 [Thread-8] INFO  o.a.coyote.http11.Http11NioProtocol - Stopping ProtocolHandler ["http-nio-9006"]
13:07:51.847 [Thread-8] INFO  o.a.coyote.http11.Http11NioProtocol - Destroying ProtocolHandler ["http-nio-9006"]
13:07:51.848 [Thread-8] INFO  o.s.o.j.LocalContainerEntityManagerFactoryBean - Closing JPA EntityManagerFactory for persistence unit 'default'
13:07:51.849 [Thread-8] INFO  com.zaxxer.hikari.HikariDataSource - HikariPool-2 - Shutdown initiated...
13:07:51.850 [Thread-8] INFO  com.zaxxer.hikari.HikariDataSource - HikariPool-2 - Shutdown completed.
13:07:51.851 [Thread-8] INFO  c.netflix.discovery.DiscoveryClient - Shutting down DiscoveryClient ...
13:07:54.860 [Thread-8] INFO  c.netflix.discovery.DiscoveryClient - Unregistering ...
13:07:54.877 [Thread-8] INFO  c.netflix.discovery.DiscoveryClient - DiscoveryClient_UMS-DOCUMENT-SERVICE/IKCON1053:UMS-DOCUMENT-SERVICE:9006 - deregister  status: 200
13:07:54.882 [Thread-8] INFO  c.netflix.discovery.DiscoveryClient - Completed shut down of DiscoveryClient
13:07:55.024 [restartedMain] INFO  o.s.c.c.c.ConfigServicePropertySourceLocator - Fetching config from server at : http://localhost:9296
13:07:56.126 [restartedMain] INFO  o.s.c.c.c.ConfigServicePropertySourceLocator - Located environment: name=UMS-DOCUMENT-SERVICE, profiles=[default], label=null, version=53cb0bce99fff205450561aa0fd99fb5e9d41b91, state=null
13:07:56.126 [restartedMain] INFO  o.s.c.b.c.PropertySourceBootstrapConfiguration - Located property source: [BootstrapPropertySource {name='bootstrapProperties-configClient'}, BootstrapPropertySource {name='bootstrapProperties-https://github.com/IKCONDev/ums-config-server/application.yaml'}]
13:07:56.128 [restartedMain] INFO  c.i.u.UmsDocumentServiceApplication - No active profile set, falling back to 1 default profile: "default"
13:07:56.313 [restartedMain] INFO  o.s.d.r.c.RepositoryConfigurationDelegate - Bootstrapping Spring Data JPA repositories in DEFAULT mode.
13:07:56.323 [restartedMain] INFO  o.s.d.r.c.RepositoryConfigurationDelegate - Finished Spring Data repository scanning in 9 ms. Found 1 JPA repository interfaces.
13:07:56.371 [restartedMain] INFO  o.s.cloud.context.scope.GenericScope - BeanFactory id=50282dec-c390-3afd-a20e-8c68038d810b
13:07:56.415 [restartedMain] INFO  o.s.b.w.e.tomcat.TomcatWebServer - Tomcat initialized with port(s): 9006 (http)
13:07:56.415 [restartedMain] INFO  o.a.coyote.http11.Http11NioProtocol - Initializing ProtocolHandler ["http-nio-9006"]
13:07:56.415 [restartedMain] INFO  o.a.catalina.core.StandardService - Starting service [Tomcat]
13:07:56.415 [restartedMain] INFO  o.a.catalina.core.StandardEngine - Starting Servlet engine: [Apache Tomcat/9.0.78]
13:07:56.436 [restartedMain] INFO  o.a.c.c.C.[Tomcat].[localhost].[/] - Initializing Spring embedded WebApplicationContext
13:07:56.436 [restartedMain] INFO  o.s.b.w.s.c.ServletWebServerApplicationContext - Root WebApplicationContext: initialization completed in 307 ms
13:07:56.454 [restartedMain] INFO  com.zaxxer.hikari.HikariDataSource - HikariPool-3 - Starting...
13:07:56.566 [restartedMain] INFO  com.zaxxer.hikari.HikariDataSource - HikariPool-3 - Start completed.
13:07:56.566 [restartedMain] INFO  o.s.b.a.h.H2ConsoleAutoConfiguration - H2 console available at '/h2-console'. Database available at 'jdbc:postgresql://localhost:5432/umsdocumentdb'
13:07:56.588 [restartedMain] INFO  o.h.jpa.internal.util.LogHelper - HHH000204: Processing PersistenceUnitInfo [name: default]
13:07:56.592 [restartedMain] INFO  org.hibernate.dialect.Dialect - HHH000400: Using dialect: org.hibernate.dialect.PostgreSQLDialect
13:07:56.638 [restartedMain] INFO  o.h.e.t.j.p.i.JtaPlatformInitiator - HHH000490: Using JtaPlatform implementation: [org.hibernate.engine.transaction.jta.platform.internal.NoJtaPlatform]
13:07:56.638 [restartedMain] INFO  o.s.o.j.LocalContainerEntityManagerFactoryBean - Initialized JPA EntityManagerFactory for persistence unit 'default'
13:07:56.706 [restartedMain] WARN  o.s.b.a.o.j.JpaBaseConfiguration$JpaWebConfiguration - spring.jpa.open-in-view is enabled by default. Therefore, database queries may be performed during view rendering. Explicitly configure spring.jpa.open-in-view to disable this warning
13:07:56.864 [restartedMain] WARN  o.s.b.d.a.OptionalLiveReloadServer - Unable to start LiveReload server
13:07:56.880 [restartedMain] INFO  o.s.c.n.e.c.DiscoveryClientOptionalArgsConfiguration - Eureka HTTP Client uses RestTemplate.
13:07:56.896 [restartedMain] WARN  o.s.c.l.c.LoadBalancerCacheAutoConfiguration$LoadBalancerCaffeineWarnLogger - Spring Cloud LoadBalancer is currently working with the default cache. While this cache implementation is useful for development and tests, it's recommended to use Caffeine cache in production.You can switch to using Caffeine cache, by adding it and org.springframework.cache.caffeine.CaffeineCacheManager to the classpath.
13:07:56.899 [restartedMain] INFO  o.s.b.a.e.web.EndpointLinksResolver - Exposing 1 endpoint(s) beneath base path '/actuator'
13:07:56.920 [restartedMain] INFO  o.s.c.n.eureka.InstanceInfoFactory - Setting initial instance status as: STARTING
13:07:56.922 [restartedMain] INFO  c.netflix.discovery.DiscoveryClient - Initializing Eureka in region us-east-1
13:07:56.922 [restartedMain] INFO  c.n.d.s.r.aws.ConfigClusterResolver - Resolving eureka endpoints via configuration
13:07:56.923 [restartedMain] INFO  c.netflix.discovery.DiscoveryClient - Disable delta property : false
13:07:56.923 [restartedMain] INFO  c.netflix.discovery.DiscoveryClient - Single vip registry refresh property : null
13:07:56.923 [restartedMain] INFO  c.netflix.discovery.DiscoveryClient - Force full registry fetch : false
13:07:56.923 [restartedMain] INFO  c.netflix.discovery.DiscoveryClient - Application is null : false
13:07:56.923 [restartedMain] INFO  c.netflix.discovery.DiscoveryClient - Registered Applications size is zero : true
13:07:56.923 [restartedMain] INFO  c.netflix.discovery.DiscoveryClient - Application version is -1: true
13:07:56.923 [restartedMain] INFO  c.netflix.discovery.DiscoveryClient - Getting all instance registry info from the eureka server
13:07:56.935 [restartedMain] INFO  c.netflix.discovery.DiscoveryClient - The response status is 200
13:07:56.936 [restartedMain] INFO  c.netflix.discovery.DiscoveryClient - Starting heartbeat executor: renew interval is: 30
13:07:56.936 [restartedMain] INFO  c.n.discovery.InstanceInfoReplicator - InstanceInfoReplicator onDemand update allowed rate per min is 4
13:07:56.937 [restartedMain] INFO  c.netflix.discovery.DiscoveryClient - Discovery Client initialized at timestamp 1745998676937 with initial instances count: 10
13:07:56.938 [restartedMain] INFO  o.s.c.n.e.s.EurekaServiceRegistry - Registering application UMS-DOCUMENT-SERVICE with eureka with status UP
13:07:56.938 [restartedMain] INFO  c.netflix.discovery.DiscoveryClient - Saw local status change event StatusChangeEvent [timestamp=1745998676938, current=UP, previous=STARTING]
13:07:56.938 [DiscoveryClient-InstanceInfoReplicator-0] INFO  c.netflix.discovery.DiscoveryClient - DiscoveryClient_UMS-DOCUMENT-SERVICE/IKCON1053:UMS-DOCUMENT-SERVICE:9006: registering service...
13:07:56.939 [restartedMain] INFO  o.a.coyote.http11.Http11NioProtocol - Starting ProtocolHandler ["http-nio-9006"]
13:07:56.944 [restartedMain] INFO  o.s.b.w.e.tomcat.TomcatWebServer - Tomcat started on port(s): 9006 (http) with context path ''
13:07:56.944 [restartedMain] INFO  o.s.c.n.e.s.EurekaAutoServiceRegistration - Updating port to 9006
13:07:56.953 [DiscoveryClient-InstanceInfoReplicator-0] INFO  c.netflix.discovery.DiscoveryClient - DiscoveryClient_UMS-DOCUMENT-SERVICE/IKCON1053:UMS-DOCUMENT-SERVICE:9006 - registration status: 204
13:07:56.959 [restartedMain] INFO  c.i.u.UmsDocumentServiceApplication - Started UmsDocumentServiceApplication in 2.016 seconds (JVM running for 677.488)
13:07:56.963 [restartedMain] INFO  o.s.b.d.a.ConditionEvaluationDeltaLoggingListener - Condition evaluation unchanged
13:08:51.377 [http-nio-9006-exec-1] INFO  o.a.c.c.C.[Tomcat].[localhost].[/] - Initializing Spring DispatcherServlet 'dispatcherServlet'
13:08:51.377 [http-nio-9006-exec-1] INFO  o.s.web.servlet.DispatcherServlet - Initializing Servlet 'dispatcherServlet'
13:08:51.380 [http-nio-9006-exec-1] INFO  o.s.web.servlet.DispatcherServlet - Completed initialization in 3 ms
13:08:51.394 [http-nio-9006-exec-1] INFO  c.i.u.s.InternalNotesServiceImpl - In InternalNotesServiceImpl, getAllInternalNotes(): Fetching all internal notes...
13:08:51.437 [http-nio-9006-exec-1] ERROR c.i.u.e.GlobalExceptionHandler - GlobalExceptionHandler.handleGeneralException() ENTERED: Handler dispatch failed; nested exception is java.lang.Error: Unresolved compilation problems: 
	EmployeeDto cannot be resolved to a type
	The method exchange(String, HttpMethod, HttpEntity<?>, ParameterizedTypeReference<List<EmployeeDto>>, Object...) from the type RestTemplate refers to the missing type EmployeeDto
	EmployeeDto cannot be resolved to a type
	EmployeeDto cannot be resolved to a type

13:08:51.452 [http-nio-9006-exec-1] WARN  o.s.w.s.m.m.a.ExceptionHandlerExceptionResolver - Resolved [org.springframework.web.util.NestedServletException: Handler dispatch failed; nested exception is java.lang.Error: Unresolved compilation problems: <EOL>?EmployeeDto cannot be resolved to a type<EOL>?The method exchange(String, HttpMethod, HttpEntity<?>, ParameterizedTypeReference<List<EmployeeDto>>, Object...) from the type RestTemplate refers to the missing type EmployeeDto<EOL>?EmployeeDto cannot be resolved to a type<EOL>?EmployeeDto cannot be resolved to a type<EOL>]
13:12:04.103 [RMI TCP Connection(30)-127.0.0.1] INFO  o.s.b.a.SpringApplicationAdminMXBeanRegistrar$SpringApplicationAdmin - Application shutdown requested.
13:12:04.103 [RMI TCP Connection(30)-127.0.0.1] INFO  o.s.c.n.e.s.EurekaServiceRegistry - Unregistering application UMS-DOCUMENT-SERVICE with eureka with status DOWN
13:12:04.104 [RMI TCP Connection(30)-127.0.0.1] INFO  c.netflix.discovery.DiscoveryClient - Saw local status change event StatusChangeEvent [timestamp=1745998924104, current=DOWN, previous=UP]
13:12:04.104 [DiscoveryClient-InstanceInfoReplicator-0] INFO  c.netflix.discovery.DiscoveryClient - DiscoveryClient_UMS-DOCUMENT-SERVICE/IKCON1053:UMS-DOCUMENT-SERVICE:9006: registering service...
13:12:04.111 [RMI TCP Connection(30)-127.0.0.1] INFO  o.a.coyote.http11.Http11NioProtocol - Pausing ProtocolHandler ["http-nio-9006"]
13:12:04.111 [RMI TCP Connection(30)-127.0.0.1] INFO  o.a.catalina.core.StandardService - Stopping service [Tomcat]
13:12:04.111 [RMI TCP Connection(30)-127.0.0.1] INFO  o.a.c.c.C.[Tomcat].[localhost].[/] - Destroying Spring FrameworkServlet 'dispatcherServlet'
13:12:04.112 [DiscoveryClient-InstanceInfoReplicator-0] INFO  c.netflix.discovery.DiscoveryClient - DiscoveryClient_UMS-DOCUMENT-SERVICE/IKCON1053:UMS-DOCUMENT-SERVICE:9006 - registration status: 204
13:12:04.113 [RMI TCP Connection(30)-127.0.0.1] INFO  o.a.coyote.http11.Http11NioProtocol - Stopping ProtocolHandler ["http-nio-9006"]
13:12:04.113 [RMI TCP Connection(30)-127.0.0.1] INFO  o.a.coyote.http11.Http11NioProtocol - Destroying ProtocolHandler ["http-nio-9006"]
13:12:04.116 [RMI TCP Connection(30)-127.0.0.1] INFO  o.s.o.j.LocalContainerEntityManagerFactoryBean - Closing JPA EntityManagerFactory for persistence unit 'default'
13:12:04.118 [RMI TCP Connection(30)-127.0.0.1] INFO  com.zaxxer.hikari.HikariDataSource - HikariPool-3 - Shutdown initiated...
13:12:04.120 [RMI TCP Connection(30)-127.0.0.1] INFO  com.zaxxer.hikari.HikariDataSource - HikariPool-3 - Shutdown completed.
13:12:04.120 [RMI TCP Connection(30)-127.0.0.1] INFO  c.netflix.discovery.DiscoveryClient - Shutting down DiscoveryClient ...
13:12:07.132 [RMI TCP Connection(30)-127.0.0.1] INFO  c.netflix.discovery.DiscoveryClient - Unregistering ...
13:12:07.147 [RMI TCP Connection(30)-127.0.0.1] INFO  c.netflix.discovery.DiscoveryClient - DiscoveryClient_UMS-DOCUMENT-SERVICE/IKCON1053:UMS-DOCUMENT-SERVICE:9006 - deregister  status: 200
13:12:07.150 [RMI TCP Connection(30)-127.0.0.1] INFO  c.netflix.discovery.DiscoveryClient - Completed shut down of DiscoveryClient
13:12:44.821 [restartedMain] INFO  o.s.b.d.restart.ChangeableUrls - The Class-Path manifest attribute in C:\Users\JyothsnaNakkala\.m2\repository\com\oracle\database\jdbc\ojdbc8\21.5.0.0\ojdbc8-21.5.0.0.jar referenced one or more files that do not exist: file:/C:/Users/JyothsnaNakkala/.m2/repository/com/oracle/database/jdbc/ojdbc8/21.5.0.0/oraclepki.jar
13:12:44.821 [restartedMain] INFO  o.s.b.d.e.DevToolsPropertyDefaultsPostProcessor - Devtools property defaults active! Set 'spring.devtools.add-properties' to 'false' to disable
13:12:45.098 [restartedMain] INFO  o.s.c.c.c.ConfigServicePropertySourceLocator - Fetching config from server at : http://localhost:9296
13:12:46.257 [restartedMain] INFO  o.s.c.c.c.ConfigServicePropertySourceLocator - Located environment: name=UMS-DOCUMENT-SERVICE, profiles=[default], label=null, version=53cb0bce99fff205450561aa0fd99fb5e9d41b91, state=null
13:12:46.258 [restartedMain] INFO  o.s.c.b.c.PropertySourceBootstrapConfiguration - Located property source: [BootstrapPropertySource {name='bootstrapProperties-configClient'}, BootstrapPropertySource {name='bootstrapProperties-https://github.com/IKCONDev/ums-config-server/application.yaml'}]
13:12:46.262 [restartedMain] INFO  c.i.u.UmsDocumentServiceApplication - No active profile set, falling back to 1 default profile: "default"
13:12:46.830 [restartedMain] INFO  o.s.d.r.c.RepositoryConfigurationDelegate - Bootstrapping Spring Data JPA repositories in DEFAULT mode.
13:12:46.925 [restartedMain] INFO  o.s.d.r.c.RepositoryConfigurationDelegate - Finished Spring Data repository scanning in 89 ms. Found 1 JPA repository interfaces.
13:12:47.087 [restartedMain] INFO  o.s.cloud.context.scope.GenericScope - BeanFactory id=50282dec-c390-3afd-a20e-8c68038d810b
13:12:47.518 [restartedMain] INFO  o.s.b.w.e.tomcat.TomcatWebServer - Tomcat initialized with port(s): 9006 (http)
13:12:47.525 [restartedMain] INFO  o.a.coyote.http11.Http11NioProtocol - Initializing ProtocolHandler ["http-nio-9006"]
13:12:47.526 [restartedMain] INFO  o.a.catalina.core.StandardService - Starting service [Tomcat]
13:12:47.526 [restartedMain] INFO  o.a.catalina.core.StandardEngine - Starting Servlet engine: [Apache Tomcat/9.0.78]
13:12:47.677 [restartedMain] INFO  o.a.c.c.C.[Tomcat].[localhost].[/] - Initializing Spring embedded WebApplicationContext
13:12:47.677 [restartedMain] INFO  o.s.b.w.s.c.ServletWebServerApplicationContext - Root WebApplicationContext: initialization completed in 1406 ms
13:12:47.760 [restartedMain] INFO  com.zaxxer.hikari.HikariDataSource - HikariPool-1 - Starting...
13:12:47.984 [restartedMain] INFO  com.zaxxer.hikari.HikariDataSource - HikariPool-1 - Start completed.
13:12:47.993 [restartedMain] INFO  o.s.b.a.h.H2ConsoleAutoConfiguration - H2 console available at '/h2-console'. Database available at 'jdbc:postgresql://localhost:5432/umsdocumentdb'
13:12:48.126 [restartedMain] INFO  o.h.jpa.internal.util.LogHelper - HHH000204: Processing PersistenceUnitInfo [name: default]
13:12:48.163 [restartedMain] INFO  org.hibernate.Version - HHH000412: Hibernate ORM core version 5.6.15.Final
13:12:48.288 [restartedMain] INFO  o.h.annotations.common.Version - HCANN000001: Hibernate Commons Annotations {5.1.2.Final}
13:12:48.378 [restartedMain] INFO  org.hibernate.dialect.Dialect - HHH000400: Using dialect: org.hibernate.dialect.PostgreSQLDialect
13:12:48.893 [restartedMain] INFO  o.h.e.t.j.p.i.JtaPlatformInitiator - HHH000490: Using JtaPlatform implementation: [org.hibernate.engine.transaction.jta.platform.internal.NoJtaPlatform]
13:12:48.901 [restartedMain] INFO  o.s.o.j.LocalContainerEntityManagerFactoryBean - Initialized JPA EntityManagerFactory for persistence unit 'default'
13:12:49.191 [restartedMain] WARN  o.s.b.a.o.j.JpaBaseConfiguration$JpaWebConfiguration - spring.jpa.open-in-view is enabled by default. Therefore, database queries may be performed during view rendering. Explicitly configure spring.jpa.open-in-view to disable this warning
13:12:49.634 [restartedMain] WARN  o.s.b.d.a.OptionalLiveReloadServer - Unable to start LiveReload server
13:12:49.657 [restartedMain] INFO  o.s.c.n.e.c.DiscoveryClientOptionalArgsConfiguration - Eureka HTTP Client uses RestTemplate.
13:12:49.704 [restartedMain] WARN  o.s.c.l.c.LoadBalancerCacheAutoConfiguration$LoadBalancerCaffeineWarnLogger - Spring Cloud LoadBalancer is currently working with the default cache. While this cache implementation is useful for development and tests, it's recommended to use Caffeine cache in production.You can switch to using Caffeine cache, by adding it and org.springframework.cache.caffeine.CaffeineCacheManager to the classpath.
13:12:49.712 [restartedMain] INFO  o.s.b.a.e.web.EndpointLinksResolver - Exposing 1 endpoint(s) beneath base path '/actuator'
13:12:49.764 [restartedMain] INFO  o.s.c.n.eureka.InstanceInfoFactory - Setting initial instance status as: STARTING
13:12:49.788 [restartedMain] INFO  c.netflix.discovery.DiscoveryClient - Initializing Eureka in region us-east-1
13:12:49.791 [restartedMain] INFO  c.n.d.s.r.aws.ConfigClusterResolver - Resolving eureka endpoints via configuration
13:12:49.807 [restartedMain] INFO  c.netflix.discovery.DiscoveryClient - Disable delta property : false
13:12:49.807 [restartedMain] INFO  c.netflix.discovery.DiscoveryClient - Single vip registry refresh property : null
13:12:49.807 [restartedMain] INFO  c.netflix.discovery.DiscoveryClient - Force full registry fetch : false
13:12:49.807 [restartedMain] INFO  c.netflix.discovery.DiscoveryClient - Application is null : false
13:12:49.807 [restartedMain] INFO  c.netflix.discovery.DiscoveryClient - Registered Applications size is zero : true
13:12:49.807 [restartedMain] INFO  c.netflix.discovery.DiscoveryClient - Application version is -1: true
13:12:49.807 [restartedMain] INFO  c.netflix.discovery.DiscoveryClient - Getting all instance registry info from the eureka server
13:12:49.974 [restartedMain] INFO  c.netflix.discovery.DiscoveryClient - The response status is 200
13:12:49.976 [restartedMain] INFO  c.netflix.discovery.DiscoveryClient - Starting heartbeat executor: renew interval is: 30
13:12:49.978 [restartedMain] INFO  c.n.discovery.InstanceInfoReplicator - InstanceInfoReplicator onDemand update allowed rate per min is 4
13:12:49.981 [restartedMain] INFO  c.netflix.discovery.DiscoveryClient - Discovery Client initialized at timestamp 1745998969981 with initial instances count: 9
13:12:49.984 [restartedMain] INFO  o.s.c.n.e.s.EurekaServiceRegistry - Registering application UMS-DOCUMENT-SERVICE with eureka with status UP
13:12:49.984 [restartedMain] INFO  c.netflix.discovery.DiscoveryClient - Saw local status change event StatusChangeEvent [timestamp=1745998969984, current=UP, previous=STARTING]
13:12:49.986 [DiscoveryClient-InstanceInfoReplicator-0] INFO  c.netflix.discovery.DiscoveryClient - DiscoveryClient_UMS-DOCUMENT-SERVICE/IKCON1053:UMS-DOCUMENT-SERVICE:9006: registering service...
13:12:49.986 [restartedMain] INFO  o.a.coyote.http11.Http11NioProtocol - Starting ProtocolHandler ["http-nio-9006"]
13:12:50.027 [DiscoveryClient-InstanceInfoReplicator-0] INFO  c.netflix.discovery.DiscoveryClient - DiscoveryClient_UMS-DOCUMENT-SERVICE/IKCON1053:UMS-DOCUMENT-SERVICE:9006 - registration status: 204
13:12:50.031 [restartedMain] INFO  o.s.b.w.e.tomcat.TomcatWebServer - Tomcat started on port(s): 9006 (http) with context path ''
13:12:50.032 [restartedMain] INFO  o.s.c.n.e.s.EurekaAutoServiceRegistration - Updating port to 9006
13:12:50.053 [restartedMain] INFO  c.i.u.UmsDocumentServiceApplication - Started UmsDocumentServiceApplication in 5.658 seconds (JVM running for 6.568)
13:12:50.315 [RMI TCP Connection(9)-127.0.0.1] INFO  o.a.c.c.C.[Tomcat].[localhost].[/] - Initializing Spring DispatcherServlet 'dispatcherServlet'
13:12:50.315 [RMI TCP Connection(9)-127.0.0.1] INFO  o.s.web.servlet.DispatcherServlet - Initializing Servlet 'dispatcherServlet'
13:12:50.316 [RMI TCP Connection(9)-127.0.0.1] INFO  o.s.web.servlet.DispatcherServlet - Completed initialization in 1 ms
13:14:02.713 [http-nio-9006-exec-3] INFO  c.i.u.s.InternalNotesServiceImpl - In InternalNotesServiceImpl, getAllInternalNotes(): Fetching all internal notes...
13:14:02.850 [http-nio-9006-exec-3] INFO  c.i.u.s.InternalNotesServiceImpl - getEmployeesMap() entered
13:14:02.924 [http-nio-9006-exec-3] INFO  c.i.u.s.InternalNotesServiceImpl - getEmployeesMap() executed successfully.
13:14:02.924 [http-nio-9006-exec-3] INFO  c.i.u.s.InternalNotesServiceImpl - getAllTeamsMap() entered
13:14:02.968 [http-nio-9006-exec-3] INFO  c.i.u.s.InternalNotesServiceImpl - getAllTeamsMap() executed successfully.
13:14:02.968 [http-nio-9006-exec-3] INFO  c.i.u.s.InternalNotesServiceImpl - getAllDepartments() entered
13:14:02.977 [http-nio-9006-exec-3] INFO  c.i.u.s.InternalNotesServiceImpl - getAllDepartments() executed successfully.
13:14:02.977 [http-nio-9006-exec-3] INFO  c.i.u.s.InternalNotesServiceImpl - Total internal notes retrieved: 4
13:14:07.958 [http-nio-9006-exec-2] INFO  c.i.u.s.InternalNotesServiceImpl - In InternalNotesServiceImpl, getInternalNotesById(): Fetching internal note with ID: 5
13:14:07.973 [http-nio-9006-exec-2] INFO  c.i.u.s.InternalNotesServiceImpl - Internal note retrieved successfully with ID: 5
13:17:49.810 [AsyncResolver-bootstrap-executor-0] INFO  c.n.d.s.r.aws.ConfigClusterResolver - Resolving eureka endpoints via configuration
13:22:49.815 [AsyncResolver-bootstrap-executor-0] INFO  c.n.d.s.r.aws.ConfigClusterResolver - Resolving eureka endpoints via configuration
13:27:49.820 [AsyncResolver-bootstrap-executor-0] INFO  c.n.d.s.r.aws.ConfigClusterResolver - Resolving eureka endpoints via configuration
13:32:49.825 [AsyncResolver-bootstrap-executor-0] INFO  c.n.d.s.r.aws.ConfigClusterResolver - Resolving eureka endpoints via configuration
13:37:49.834 [AsyncResolver-bootstrap-executor-0] INFO  c.n.d.s.r.aws.ConfigClusterResolver - Resolving eureka endpoints via configuration
13:42:49.836 [AsyncResolver-bootstrap-executor-0] INFO  c.n.d.s.r.aws.ConfigClusterResolver - Resolving eureka endpoints via configuration
13:47:49.843 [AsyncResolver-bootstrap-executor-0] INFO  c.n.d.s.r.aws.ConfigClusterResolver - Resolving eureka endpoints via configuration
13:52:49.849 [AsyncResolver-bootstrap-executor-0] INFO  c.n.d.s.r.aws.ConfigClusterResolver - Resolving eureka endpoints via configuration
13:57:49.851 [AsyncResolver-bootstrap-executor-0] INFO  c.n.d.s.r.aws.ConfigClusterResolver - Resolving eureka endpoints via configuration
14:02:49.866 [AsyncResolver-bootstrap-executor-0] INFO  c.n.d.s.r.aws.ConfigClusterResolver - Resolving eureka endpoints via configuration
14:07:49.880 [AsyncResolver-bootstrap-executor-0] INFO  c.n.d.s.r.aws.ConfigClusterResolver - Resolving eureka endpoints via configuration
14:08:40.074 [http-nio-9006-exec-4] INFO  c.i.u.s.InternalNotesServiceImpl - In InternalNotesServiceImpl, getAllInternalNotes(): Fetching all internal notes...
14:08:40.088 [http-nio-9006-exec-4] INFO  c.i.u.s.InternalNotesServiceImpl - getEmployeesMap() entered
14:08:40.100 [http-nio-9006-exec-4] INFO  c.i.u.s.InternalNotesServiceImpl - getEmployeesMap() executed successfully.
14:08:40.100 [http-nio-9006-exec-4] INFO  c.i.u.s.InternalNotesServiceImpl - getAllTeamsMap() entered
14:08:40.196 [http-nio-9006-exec-4] INFO  c.i.u.s.InternalNotesServiceImpl - getAllTeamsMap() executed successfully.
14:08:40.196 [http-nio-9006-exec-4] INFO  c.i.u.s.InternalNotesServiceImpl - getAllDepartments() entered
14:08:40.210 [http-nio-9006-exec-4] INFO  c.i.u.s.InternalNotesServiceImpl - getAllDepartments() executed successfully.
14:08:40.210 [http-nio-9006-exec-4] INFO  c.i.u.s.InternalNotesServiceImpl - Total internal notes retrieved: 4
14:08:40.318 [http-nio-9006-exec-4] WARN  o.h.e.jdbc.spi.SqlExceptionHelper - SQL Warning Code: 0, SQLState: 01000
14:08:40.318 [http-nio-9006-exec-4] WARN  o.h.e.jdbc.spi.SqlExceptionHelper - database "umsdocumentdb" has a collation version mismatch
14:08:52.857 [http-nio-9006-exec-5] INFO  c.i.u.s.InternalNotesServiceImpl - In InternalNotesServiceImpl, getInternalNotesById(): Fetching internal note with ID: 5
14:08:52.863 [http-nio-9006-exec-5] INFO  c.i.u.s.InternalNotesServiceImpl - Internal note retrieved successfully with ID: 5
14:09:12.560 [http-nio-9006-exec-6] INFO  c.i.u.s.InternalNotesServiceImpl - In InternalNotesServiceImpl, updateInternalNotes(): Updating internal note with ID: 5
14:09:12.662 [http-nio-9006-exec-6] INFO  c.i.u.s.InternalNotesServiceImpl - Internal note updated successfully with ID: 5
14:09:14.317 [http-nio-9006-exec-7] INFO  c.i.u.s.InternalNotesServiceImpl - In InternalNotesServiceImpl, getAllInternalNotes(): Fetching all internal notes...
14:09:14.327 [http-nio-9006-exec-7] INFO  c.i.u.s.InternalNotesServiceImpl - getEmployeesMap() entered
14:09:14.377 [http-nio-9006-exec-7] INFO  c.i.u.s.InternalNotesServiceImpl - getEmployeesMap() executed successfully.
14:09:14.377 [http-nio-9006-exec-7] INFO  c.i.u.s.InternalNotesServiceImpl - getAllTeamsMap() entered
14:09:14.492 [http-nio-9006-exec-7] INFO  c.i.u.s.InternalNotesServiceImpl - getAllTeamsMap() executed successfully.
14:09:14.492 [http-nio-9006-exec-7] INFO  c.i.u.s.InternalNotesServiceImpl - getAllDepartments() entered
14:09:14.509 [http-nio-9006-exec-7] INFO  c.i.u.s.InternalNotesServiceImpl - getAllDepartments() executed successfully.
14:09:14.509 [http-nio-9006-exec-7] INFO  c.i.u.s.InternalNotesServiceImpl - Total internal notes retrieved: 4
14:12:49.887 [AsyncResolver-bootstrap-executor-0] INFO  c.n.d.s.r.aws.ConfigClusterResolver - Resolving eureka endpoints via configuration
14:14:27.120 [http-nio-9006-exec-9] INFO  c.i.u.s.InternalNotesServiceImpl - In InternalNotesServiceImpl, getInternalNotesById(): Fetching internal note with ID: 5
14:14:27.130 [http-nio-9006-exec-9] INFO  c.i.u.s.InternalNotesServiceImpl - Internal note retrieved successfully with ID: 5
14:14:27.166 [http-nio-9006-exec-9] WARN  o.h.e.jdbc.spi.SqlExceptionHelper - SQL Warning Code: 0, SQLState: 01000
14:14:27.166 [http-nio-9006-exec-9] WARN  o.h.e.jdbc.spi.SqlExceptionHelper - database "umsdocumentdb" has a collation version mismatch
14:14:50.256 [http-nio-9006-exec-10] INFO  c.i.u.s.InternalNotesServiceImpl - In InternalNotesServiceImpl, updateInternalNotes(): Updating internal note with ID: 5
14:14:50.309 [http-nio-9006-exec-10] INFO  c.i.u.s.InternalNotesServiceImpl - Internal note updated successfully with ID: 5
14:14:51.899 [http-nio-9006-exec-3] INFO  c.i.u.s.InternalNotesServiceImpl - In InternalNotesServiceImpl, getAllInternalNotes(): Fetching all internal notes...
14:14:51.908 [http-nio-9006-exec-3] INFO  c.i.u.s.InternalNotesServiceImpl - getEmployeesMap() entered
14:14:51.918 [http-nio-9006-exec-3] INFO  c.i.u.s.InternalNotesServiceImpl - getEmployeesMap() executed successfully.
14:14:51.918 [http-nio-9006-exec-3] INFO  c.i.u.s.InternalNotesServiceImpl - getAllTeamsMap() entered
14:14:52.027 [http-nio-9006-exec-3] INFO  c.i.u.s.InternalNotesServiceImpl - getAllTeamsMap() executed successfully.
14:14:52.027 [http-nio-9006-exec-3] INFO  c.i.u.s.InternalNotesServiceImpl - getAllDepartments() entered
14:14:52.044 [http-nio-9006-exec-3] INFO  c.i.u.s.InternalNotesServiceImpl - getAllDepartments() executed successfully.
14:14:52.044 [http-nio-9006-exec-3] INFO  c.i.u.s.InternalNotesServiceImpl - Total internal notes retrieved: 4
14:15:17.818 [http-nio-9006-exec-2] INFO  c.i.u.s.InternalNotesServiceImpl - In InternalNotesServiceImpl, getInternalNotesById(): Fetching internal note with ID: 5
14:15:17.823 [http-nio-9006-exec-2] INFO  c.i.u.s.InternalNotesServiceImpl - Internal note retrieved successfully with ID: 5
14:17:49.902 [AsyncResolver-bootstrap-executor-0] INFO  c.n.d.s.r.aws.ConfigClusterResolver - Resolving eureka endpoints via configuration
14:19:52.406 [http-nio-9006-exec-4] INFO  c.i.u.s.InternalNotesServiceImpl - In InternalNotesServiceImpl, getInternalNotesById(): Fetching internal note with ID: 1
14:19:52.424 [http-nio-9006-exec-4] INFO  c.i.u.s.InternalNotesServiceImpl - Internal note retrieved successfully with ID: 1
14:22:49.905 [AsyncResolver-bootstrap-executor-0] INFO  c.n.d.s.r.aws.ConfigClusterResolver - Resolving eureka endpoints via configuration
14:27:49.914 [AsyncResolver-bootstrap-executor-0] INFO  c.n.d.s.r.aws.ConfigClusterResolver - Resolving eureka endpoints via configuration
14:31:24.132 [HikariPool-1 housekeeper] WARN  com.zaxxer.hikari.pool.HikariPool - HikariPool-1 - Thread starvation or clock leap detected (housekeeper delta=1m4s853ms571µs500ns).
14:33:24.764 [AsyncResolver-bootstrap-executor-0] INFO  c.n.d.s.r.aws.ConfigClusterResolver - Resolving eureka endpoints via configuration
14:38:24.772 [AsyncResolver-bootstrap-executor-0] INFO  c.n.d.s.r.aws.ConfigClusterResolver - Resolving eureka endpoints via configuration
14:43:24.785 [AsyncResolver-bootstrap-executor-0] INFO  c.n.d.s.r.aws.ConfigClusterResolver - Resolving eureka endpoints via configuration
14:48:24.800 [AsyncResolver-bootstrap-executor-0] INFO  c.n.d.s.r.aws.ConfigClusterResolver - Resolving eureka endpoints via configuration
14:53:24.816 [AsyncResolver-bootstrap-executor-0] INFO  c.n.d.s.r.aws.ConfigClusterResolver - Resolving eureka endpoints via configuration
14:58:24.829 [AsyncResolver-bootstrap-executor-0] INFO  c.n.d.s.r.aws.ConfigClusterResolver - Resolving eureka endpoints via configuration
15:03:24.837 [AsyncResolver-bootstrap-executor-0] INFO  c.n.d.s.r.aws.ConfigClusterResolver - Resolving eureka endpoints via configuration
15:08:24.852 [AsyncResolver-bootstrap-executor-0] INFO  c.n.d.s.r.aws.ConfigClusterResolver - Resolving eureka endpoints via configuration
15:13:24.860 [AsyncResolver-bootstrap-executor-0] INFO  c.n.d.s.r.aws.ConfigClusterResolver - Resolving eureka endpoints via configuration
15:18:24.870 [AsyncResolver-bootstrap-executor-0] INFO  c.n.d.s.r.aws.ConfigClusterResolver - Resolving eureka endpoints via configuration
15:23:24.876 [AsyncResolver-bootstrap-executor-0] INFO  c.n.d.s.r.aws.ConfigClusterResolver - Resolving eureka endpoints via configuration
15:28:24.887 [AsyncResolver-bootstrap-executor-0] INFO  c.n.d.s.r.aws.ConfigClusterResolver - Resolving eureka endpoints via configuration
15:33:24.899 [AsyncResolver-bootstrap-executor-0] INFO  c.n.d.s.r.aws.ConfigClusterResolver - Resolving eureka endpoints via configuration
15:38:24.912 [AsyncResolver-bootstrap-executor-0] INFO  c.n.d.s.r.aws.ConfigClusterResolver - Resolving eureka endpoints via configuration
15:43:24.924 [AsyncResolver-bootstrap-executor-0] INFO  c.n.d.s.r.aws.ConfigClusterResolver - Resolving eureka endpoints via configuration
15:48:24.935 [AsyncResolver-bootstrap-executor-0] INFO  c.n.d.s.r.aws.ConfigClusterResolver - Resolving eureka endpoints via configuration
15:53:24.947 [AsyncResolver-bootstrap-executor-0] INFO  c.n.d.s.r.aws.ConfigClusterResolver - Resolving eureka endpoints via configuration
15:58:24.953 [AsyncResolver-bootstrap-executor-0] INFO  c.n.d.s.r.aws.ConfigClusterResolver - Resolving eureka endpoints via configuration
16:03:24.964 [AsyncResolver-bootstrap-executor-0] INFO  c.n.d.s.r.aws.ConfigClusterResolver - Resolving eureka endpoints via configuration
16:08:24.971 [AsyncResolver-bootstrap-executor-0] INFO  c.n.d.s.r.aws.ConfigClusterResolver - Resolving eureka endpoints via configuration
16:13:24.973 [AsyncResolver-bootstrap-executor-0] INFO  c.n.d.s.r.aws.ConfigClusterResolver - Resolving eureka endpoints via configuration
16:18:24.977 [AsyncResolver-bootstrap-executor-0] INFO  c.n.d.s.r.aws.ConfigClusterResolver - Resolving eureka endpoints via configuration
16:23:24.979 [AsyncResolver-bootstrap-executor-0] INFO  c.n.d.s.r.aws.ConfigClusterResolver - Resolving eureka endpoints via configuration
16:28:24.986 [AsyncResolver-bootstrap-executor-0] INFO  c.n.d.s.r.aws.ConfigClusterResolver - Resolving eureka endpoints via configuration
16:33:24.999 [AsyncResolver-bootstrap-executor-0] INFO  c.n.d.s.r.aws.ConfigClusterResolver - Resolving eureka endpoints via configuration
16:38:25.014 [AsyncResolver-bootstrap-executor-0] INFO  c.n.d.s.r.aws.ConfigClusterResolver - Resolving eureka endpoints via configuration
16:43:25.027 [AsyncResolver-bootstrap-executor-0] INFO  c.n.d.s.r.aws.ConfigClusterResolver - Resolving eureka endpoints via configuration
16:48:25.039 [AsyncResolver-bootstrap-executor-0] INFO  c.n.d.s.r.aws.ConfigClusterResolver - Resolving eureka endpoints via configuration
16:53:25.043 [AsyncResolver-bootstrap-executor-0] INFO  c.n.d.s.r.aws.ConfigClusterResolver - Resolving eureka endpoints via configuration
16:58:25.047 [AsyncResolver-bootstrap-executor-0] INFO  c.n.d.s.r.aws.ConfigClusterResolver - Resolving eureka endpoints via configuration
17:03:25.051 [AsyncResolver-bootstrap-executor-0] INFO  c.n.d.s.r.aws.ConfigClusterResolver - Resolving eureka endpoints via configuration
17:08:25.068 [AsyncResolver-bootstrap-executor-0] INFO  c.n.d.s.r.aws.ConfigClusterResolver - Resolving eureka endpoints via configuration
17:13:25.078 [AsyncResolver-bootstrap-executor-0] INFO  c.n.d.s.r.aws.ConfigClusterResolver - Resolving eureka endpoints via configuration
17:18:25.105 [AsyncResolver-bootstrap-executor-0] INFO  c.n.d.s.r.aws.ConfigClusterResolver - Resolving eureka endpoints via configuration
17:23:25.112 [AsyncResolver-bootstrap-executor-0] INFO  c.n.d.s.r.aws.ConfigClusterResolver - Resolving eureka endpoints via configuration
17:28:25.118 [AsyncResolver-bootstrap-executor-0] INFO  c.n.d.s.r.aws.ConfigClusterResolver - Resolving eureka endpoints via configuration
17:33:25.122 [AsyncResolver-bootstrap-executor-0] INFO  c.n.d.s.r.aws.ConfigClusterResolver - Resolving eureka endpoints via configuration
17:38:25.129 [AsyncResolver-bootstrap-executor-0] INFO  c.n.d.s.r.aws.ConfigClusterResolver - Resolving eureka endpoints via configuration
17:43:25.132 [AsyncResolver-bootstrap-executor-0] INFO  c.n.d.s.r.aws.ConfigClusterResolver - Resolving eureka endpoints via configuration
17:48:25.135 [AsyncResolver-bootstrap-executor-0] INFO  c.n.d.s.r.aws.ConfigClusterResolver - Resolving eureka endpoints via configuration
17:53:25.148 [AsyncResolver-bootstrap-executor-0] INFO  c.n.d.s.r.aws.ConfigClusterResolver - Resolving eureka endpoints via configuration
17:58:25.162 [AsyncResolver-bootstrap-executor-0] INFO  c.n.d.s.r.aws.ConfigClusterResolver - Resolving eureka endpoints via configuration
18:03:25.174 [AsyncResolver-bootstrap-executor-0] INFO  c.n.d.s.r.aws.ConfigClusterResolver - Resolving eureka endpoints via configuration
18:08:25.176 [AsyncResolver-bootstrap-executor-0] INFO  c.n.d.s.r.aws.ConfigClusterResolver - Resolving eureka endpoints via configuration
18:13:25.189 [AsyncResolver-bootstrap-executor-0] INFO  c.n.d.s.r.aws.ConfigClusterResolver - Resolving eureka endpoints via configuration
18:18:25.201 [AsyncResolver-bootstrap-executor-0] INFO  c.n.d.s.r.aws.ConfigClusterResolver - Resolving eureka endpoints via configuration
18:23:25.203 [AsyncResolver-bootstrap-executor-0] INFO  c.n.d.s.r.aws.ConfigClusterResolver - Resolving eureka endpoints via configuration
18:28:25.209 [AsyncResolver-bootstrap-executor-0] INFO  c.n.d.s.r.aws.ConfigClusterResolver - Resolving eureka endpoints via configuration
18:33:25.211 [AsyncResolver-bootstrap-executor-0] INFO  c.n.d.s.r.aws.ConfigClusterResolver - Resolving eureka endpoints via configuration
18:38:25.215 [AsyncResolver-bootstrap-executor-0] INFO  c.n.d.s.r.aws.ConfigClusterResolver - Resolving eureka endpoints via configuration
18:43:25.217 [AsyncResolver-bootstrap-executor-0] INFO  c.n.d.s.r.aws.ConfigClusterResolver - Resolving eureka endpoints via configuration
18:48:25.226 [AsyncResolver-bootstrap-executor-0] INFO  c.n.d.s.r.aws.ConfigClusterResolver - Resolving eureka endpoints via configuration
18:53:25.238 [AsyncResolver-bootstrap-executor-0] INFO  c.n.d.s.r.aws.ConfigClusterResolver - Resolving eureka endpoints via configuration
18:57:14.921 [HikariPool-1 housekeeper] WARN  com.zaxxer.hikari.pool.HikariPool - HikariPool-1 - Thread starvation or clock leap detected (housekeeper delta=3m46s511ms65µs700ns).
19:03:33.347 [HikariPool-1 housekeeper] WARN  com.zaxxer.hikari.pool.HikariPool - HikariPool-1 - Thread starvation or clock leap detected (housekeeper delta=3m48s376ms929µs600ns).
19:05:00.106 [AsyncResolver-bootstrap-executor-0] INFO  c.n.d.s.r.aws.ConfigClusterResolver - Resolving eureka endpoints via configuration
